Formateando archivos estándar con Prettier...
.crossnote/config.js 114ms (unchanged)
.crossnote/head.html 93ms (unchanged)
.crossnote/parser.js 12ms (unchanged)
.venv/Lib/site-packages/django/contrib/admin/templates/admin/404.html 16ms (unchanged)
.venv/Lib/site-packages/django/contrib/admin/templates/admin/500.html 12ms (unchanged)
.venv/Lib/site-packages/django/contrib/admin/templates/admin/app_index.html 6ms (unchanged)
.venv/Lib/site-packages/django/contrib/admin/templates/admin/app_list.html 24ms (unchanged)
.venv/Lib/site-packages/django/contrib/admin/templates/admin/auth/user/add_form.html 10ms (unchanged)
.venv/Lib/site-packages/django/contrib/admin/templates/admin/base_site.html 4ms (unchanged)
.venv/Lib/site-packages/django/contrib/admin/templates/admin/change_form_object_tools.html 3ms (unchanged)
.venv/Lib/site-packages/django/contrib/admin/templates/admin/change_list_object_tools.html 5ms (unchanged)
.venv/Lib/site-packages/django/contrib/admin/templates/admin/color_theme_toggle.html 11ms (unchanged)
.venv/Lib/site-packages/django/contrib/admin/templates/admin/date_hierarchy.html 10ms (unchanged)
.venv/Lib/site-packages/django/contrib/admin/templates/admin/delete_confirmation.html 15ms (unchanged)
.venv/Lib/site-packages/django/contrib/admin/templates/admin/delete_selected_confirmation.html 17ms (unchanged)
.venv/Lib/site-packages/django/contrib/admin/templates/admin/edit_inline/stacked.html 15ms (unchanged)
.venv/Lib/site-packages/django/contrib/admin/templates/admin/includes/object_delete_summary.html 5ms (unchanged)
.venv/Lib/site-packages/django/contrib/admin/templates/admin/invalid_setup.html 8ms (unchanged)
.venv/Lib/site-packages/django/contrib/admin/templates/admin/nav_sidebar.html 4ms (unchanged)
.venv/Lib/site-packages/django/contrib/admin/templates/admin/object_history.html 19ms (unchanged)
.venv/Lib/site-packages/django/contrib/admin/templates/admin/pagination.html 5ms (unchanged)
.venv/Lib/site-packages/django/contrib/admin/templates/admin/submit_line.html 9ms (unchanged)
.venv/Lib/site-packages/django/contrib/admin/templates/admin/widgets/date.html 4ms (unchanged)
.venv/Lib/site-packages/django/contrib/admin/templates/admin/widgets/foreign_key_raw_id.html 6ms (unchanged)
.venv/Lib/site-packages/django/contrib/admin/templates/admin/widgets/many_to_many_raw_id.html 2ms (unchanged)
.venv/Lib/site-packages/django/contrib/admin/templates/admin/widgets/radio.html 3ms (unchanged)
.venv/Lib/site-packages/django/contrib/admin/templates/admin/widgets/related_widget_wrapper.html 12ms (unchanged)
.venv/Lib/site-packages/django/contrib/admin/templates/admin/widgets/split_datetime.html 3ms (unchanged)
.venv/Lib/site-packages/django/contrib/admin/templates/admin/widgets/time.html 2ms (unchanged)
.venv/Lib/site-packages/django/contrib/admin/templates/admin/widgets/url.html 3ms (unchanged)
.venv/Lib/site-packages/django/contrib/admin/templates/registration/logged_out.html 3ms (unchanged)
.venv/Lib/site-packages/django/contrib/admin/templates/registration/password_change_done.html 4ms (unchanged)
.venv/Lib/site-packages/django/contrib/admin/templates/registration/password_reset_complete.html 7ms (unchanged)
.venv/Lib/site-packages/django/contrib/admin/templates/registration/password_reset_done.html 9ms (unchanged)
.venv/Lib/site-packages/django/contrib/admin/templates/registration/password_reset_email.html 5ms (unchanged)
.venv/Lib/site-packages/django/contrib/admindocs/templates/admin_doc/bookmarklets.html 8ms (unchanged)
.venv/Lib/site-packages/django/contrib/admindocs/templates/admin_doc/index.html 11ms (unchanged)
.venv/Lib/site-packages/django/contrib/admindocs/templates/admin_doc/missing_docutils.html 6ms (unchanged)
.venv/Lib/site-packages/django/contrib/admindocs/templates/admin_doc/model_detail.html 70ms (unchanged)
.venv/Lib/site-packages/django/contrib/admindocs/templates/admin_doc/model_index.html 8ms (unchanged)
.venv/Lib/site-packages/django/contrib/admindocs/templates/admin_doc/template_detail.html 9ms (unchanged)
.venv/Lib/site-packages/django/contrib/admindocs/templates/admin_doc/view_detail.html 6ms (unchanged)
.venv/Lib/site-packages/django/contrib/admindocs/templates/admin_doc/view_index.html 10ms (unchanged)
.venv/Lib/site-packages/django/contrib/gis/templates/gis/openlayers-osm.html 3ms (unchanged)
.venv/Lib/site-packages/django/contrib/gis/templates/gis/openlayers.html 11ms (unchanged)
.venv/Lib/site-packages/django/contrib/postgres/jinja2/postgres/widgets/split_array.html 2ms (unchanged)
.venv/Lib/site-packages/django/contrib/postgres/templates/postgres/widgets/split_array.html 2ms (unchanged)
.venv/Lib/site-packages/django/forms/jinja2/django/forms/attrs.html 2ms (unchanged)
.venv/Lib/site-packages/django/forms/jinja2/django/forms/errors/dict/default.html 3ms (unchanged)
.venv/Lib/site-packages/django/forms/jinja2/django/forms/errors/dict/ul.html 3ms (unchanged)
.venv/Lib/site-packages/django/forms/jinja2/django/forms/errors/list/default.html 3ms (unchanged)
.venv/Lib/site-packages/django/forms/jinja2/django/forms/errors/list/ul.html 4ms (unchanged)
.venv/Lib/site-packages/django/forms/jinja2/django/forms/formsets/div.html 3ms (unchanged)
.venv/Lib/site-packages/django/forms/jinja2/django/forms/formsets/p.html 2ms (unchanged)
.venv/Lib/site-packages/django/forms/jinja2/django/forms/formsets/table.html 3ms (unchanged)
.venv/Lib/site-packages/django/forms/jinja2/django/forms/formsets/ul.html 5ms (unchanged)
.venv/Lib/site-packages/django/forms/jinja2/django/forms/widgets/attrs.html 3ms (unchanged)
.venv/Lib/site-packages/django/forms/jinja2/django/forms/widgets/checkbox_option.html 2ms (unchanged)
.venv/Lib/site-packages/django/forms/jinja2/django/forms/widgets/checkbox_select.html 2ms (unchanged)
.venv/Lib/site-packages/django/forms/jinja2/django/forms/widgets/checkbox.html 1ms (unchanged)
.venv/Lib/site-packages/django/forms/jinja2/django/forms/widgets/date.html 2ms (unchanged)
.venv/Lib/site-packages/django/forms/jinja2/django/forms/widgets/datetime.html 3ms (unchanged)
.venv/Lib/site-packages/django/forms/jinja2/django/forms/widgets/email.html 1ms (unchanged)
.venv/Lib/site-packages/django/forms/jinja2/django/forms/widgets/file.html 2ms (unchanged)
.venv/Lib/site-packages/django/forms/jinja2/django/forms/widgets/hidden.html 2ms (unchanged)
.venv/Lib/site-packages/django/forms/jinja2/django/forms/widgets/multiple_hidden.html 2ms (unchanged)
.venv/Lib/site-packages/django/forms/jinja2/django/forms/widgets/multiwidget.html 2ms (unchanged)
.venv/Lib/site-packages/django/forms/jinja2/django/forms/widgets/number.html 2ms (unchanged)
.venv/Lib/site-packages/django/forms/jinja2/django/forms/widgets/password.html 3ms (unchanged)
.venv/Lib/site-packages/django/forms/jinja2/django/forms/widgets/radio_option.html 3ms (unchanged)
.venv/Lib/site-packages/django/forms/jinja2/django/forms/widgets/radio.html 1ms (unchanged)
.venv/Lib/site-packages/django/forms/jinja2/django/forms/widgets/select_date.html 1ms (unchanged)
.venv/Lib/site-packages/django/forms/jinja2/django/forms/widgets/splitdatetime.html 2ms (unchanged)
.venv/Lib/site-packages/django/forms/jinja2/django/forms/widgets/splithiddendatetime.html 2ms (unchanged)
.venv/Lib/site-packages/django/forms/jinja2/django/forms/widgets/text.html 3ms (unchanged)
.venv/Lib/site-packages/django/forms/jinja2/django/forms/widgets/time.html 2ms (unchanged)
.venv/Lib/site-packages/django/forms/jinja2/django/forms/widgets/url.html 7ms (unchanged)
.venv/Lib/site-packages/django/forms/templates/django/forms/attrs.html 3ms (unchanged)
.venv/Lib/site-packages/django/forms/templates/django/forms/errors/dict/default.html 2ms (unchanged)
.venv/Lib/site-packages/django/forms/templates/django/forms/errors/dict/ul.html 5ms (unchanged)
.venv/Lib/site-packages/django/forms/templates/django/forms/errors/list/default.html 3ms (unchanged)
.venv/Lib/site-packages/django/forms/templates/django/forms/errors/list/ul.html 2ms (unchanged)
.venv/Lib/site-packages/django/forms/templates/django/forms/formsets/div.html 5ms (unchanged)
.venv/Lib/site-packages/django/forms/templates/django/forms/formsets/p.html 5ms (unchanged)
.venv/Lib/site-packages/django/forms/templates/django/forms/formsets/table.html 2ms (unchanged)
.venv/Lib/site-packages/django/forms/templates/django/forms/formsets/ul.html 2ms (unchanged)
.venv/Lib/site-packages/django/forms/templates/django/forms/widgets/attrs.html 23ms (unchanged)
.venv/Lib/site-packages/django/forms/templates/django/forms/widgets/checkbox_option.html 5ms (unchanged)
.venv/Lib/site-packages/django/forms/templates/django/forms/widgets/checkbox_select.html 2ms (unchanged)
.venv/Lib/site-packages/django/forms/templates/django/forms/widgets/checkbox.html 6ms (unchanged)
.venv/Lib/site-packages/django/forms/templates/django/forms/widgets/date.html 6ms (unchanged)
.venv/Lib/site-packages/django/forms/templates/django/forms/widgets/datetime.html 2ms (unchanged)
.venv/Lib/site-packages/django/forms/templates/django/forms/widgets/email.html 3ms (unchanged)
.venv/Lib/site-packages/django/forms/templates/django/forms/widgets/file.html 4ms (unchanged)
.venv/Lib/site-packages/django/forms/templates/django/forms/widgets/hidden.html 2ms (unchanged)
.venv/Lib/site-packages/django/forms/templates/django/forms/widgets/multiple_hidden.html 4ms (unchanged)
.venv/Lib/site-packages/django/forms/templates/django/forms/widgets/multiwidget.html 3ms (unchanged)
.venv/Lib/site-packages/django/forms/templates/django/forms/widgets/number.html 3ms (unchanged)
.venv/Lib/site-packages/django/forms/templates/django/forms/widgets/password.html 3ms (unchanged)
.venv/Lib/site-packages/django/forms/templates/django/forms/widgets/radio_option.html 3ms (unchanged)
.venv/Lib/site-packages/django/forms/templates/django/forms/widgets/radio.html 4ms (unchanged)
.venv/Lib/site-packages/django/forms/templates/django/forms/widgets/select_date.html 2ms (unchanged)
.venv/Lib/site-packages/django/forms/templates/django/forms/widgets/splitdatetime.html 3ms (unchanged)
.venv/Lib/site-packages/django/forms/templates/django/forms/widgets/splithiddendatetime.html 2ms (unchanged)
.venv/Lib/site-packages/django/forms/templates/django/forms/widgets/text.html 1ms (unchanged)
.venv/Lib/site-packages/django/forms/templates/django/forms/widgets/time.html 1ms (unchanged)
.venv/Lib/site-packages/django/forms/templates/django/forms/widgets/url.html 2ms (unchanged)
.venv/Lib/site-packages/django/views/templates/csrf_403.html 63ms (unchanged)
.venv/Lib/site-packages/django/views/templates/default_urlconf.html 90ms (unchanged)
.venv/Lib/site-packages/django/views/templates/directory_index.html 10ms (unchanged)
.venv/Lib/site-packages/django/views/templates/technical_404.html 46ms (unchanged)
.venv/Lib/site-packages/django/views/templates/technical_500.html 198ms (unchanged)
.venv/Lib/site-packages/flask_mongoengine/templates/panels/mongo-panel.html 69ms (unchanged)
.venv/Lib/site-packages/werkzeug/debug/shared/debugger.js 205ms (unchanged)
.venv/Lib/site-packages/werkzeug/debug/shared/style.css 80ms (unchanged)
app/templates/admin/admin_user.html 13ms (unchanged)
app/templates/admin/admin_users.html 6ms (unchanged)
app/templates/admin/home.html 5ms (unchanged)
app/templates/admin/search_container.html 11ms (unchanged)
app/templates/admin/users.html 11ms (unchanged)
app/templates/change_password2.html 5ms (unchanged)
app/templates/containers.html 25ms (unchanged)
app/templates/footer.html 9ms (unchanged)
app/templates/list_users.html 5ms (unchanged)
app/templates/pruebas.html 1ms (unchanged)
app/templates/reset_token.html 17ms (unchanged)
app/templates/search_container.html 6ms (unchanged)
app/templates/tools.html 6ms (unchanged)
app/templates/view_user.html 6ms (unchanged)
config/db.js 11ms (unchanged)
controllers/authController.js 19ms (unchanged)
controllers/containerController.js 45ms (unchanged)
middlewares/authMiddleware.js 11ms (unchanged)
models/Container.js 6ms (unchanged)
models/item.js 3ms (unchanged)
models/User.js 8ms (unchanged)
routes/authRoutes.js 38ms (unchanged)
routes/containerRoutes.js 34ms (unchanged)
routes/itemRoutes.js 12ms (unchanged)
Error al formatear archivos con Prettier
