2024-09-10 12:31:12,501 - app.routes - INFO - Nombre original normalizado: Cajonera bajo encimera
2024-09-10 12:31:12,502 - app.routes - INFO - Nuevo nombre normalizado: Cajonera bajo encimera 1
2024-09-10 12:31:12,502 - app.routes - INFO - El nombre del contenedor ha cambiado, verificando si ya está en uso.
2024-09-10 12:31:12,517 - app.routes - INFO - Imágenes recibidas: [<FileStorage: 'IMG_7170.jpeg' ('image/jpeg')>]
2024-09-10 12:31:12,605 - app.routes - INFO - Contenedor 66c38359a27a53bf0572a664 guardado exitosamente.
2024-09-10 13:02:06,360 - app.routes - INFO - Nombre original normalizado: Cajonera bajo encimera 1
2024-09-10 13:02:06,360 - app.routes - INFO - Nuevo nombre normalizado: Cajonera bajo encimera
2024-09-10 13:02:06,360 - app.routes - INFO - El nombre del contenedor ha cambiado, verificando si ya está en uso.
2024-09-10 13:02:06,373 - app.routes - INFO - Imágenes recibidas: [<FileStorage: 'IMG_6066.jpeg' ('image/jpeg')>]
2024-09-10 13:02:06,488 - app.routes - INFO - Contenedor 66c38359a27a53bf0572a664 guardado exitosamente.
2024-09-10 13:30:01,709 - app.routes - INFO - Creación de contenedor iniciada.
2024-09-10 13:30:01,808 - app.routes - INFO - Contenedor creado con ID: 66e049d95e1cfef1fa2dca31
2024-09-11 18:07:11,316 - app.routes - INFO - Nombre original normalizado: Cajonera bajo encimera
2024-09-11 18:07:11,316 - app.routes - INFO - Nuevo nombre normalizado: Cajonera-bajo-encimera
2024-09-11 18:07:11,316 - app.routes - INFO - El nombre del contenedor ha cambiado, verificando si ya está en uso.
2024-09-11 18:07:11,329 - app.routes - INFO - Imágenes recibidas: [<FileStorage: '' ('application/octet-stream')>]
2024-09-11 18:07:11,352 - app.routes - INFO - Contenedor 66c38359a27a53bf0572a664 guardado exitosamente.
2024-09-11 18:08:37,631 - app.routes - INFO - Nombre original normalizado: Cajonera-bajo-encimera
2024-09-11 18:08:37,631 - app.routes - INFO - Nuevo nombre normalizado: Cajonera bajo encimera
2024-09-11 18:08:37,632 - app.routes - INFO - El nombre del contenedor ha cambiado, verificando si ya está en uso.
2024-09-11 18:08:37,645 - app.routes - INFO - Imágenes recibidas: [<FileStorage: '' ('application/octet-stream')>]
2024-09-11 18:08:37,662 - app.routes - INFO - Contenedor 66c38359a27a53bf0572a664 guardado exitosamente.
