  2024-09-10 10:33:58,454 - app.utils - INFO - Foto de perfil guardada en: /home/ec2-user/aws_edfcatalogoqr/app/static/profile_pics/76f45b12f1546508.jpg
2024-09-10 10:34:45,742 - app.utils - INFO - Foto de perfil guardada en: /home/ec2-user/aws_edfcatalogoqr/app/static/profile_pics/40e333968fd178df.jpg
2024-09-10 11:13:14,837 - app.utils - INFO - Foto de perfil guardada en: /home/ec2-user/aws_edfcatalogoqr/app/static/profile_pics/6823a83c33e1a792.jpg
2024-09-10 11:15:06,020 - app.utils - INFO - Foto de perfil guardada en: /home/ec2-user/aws_edfcatalogoqr/app/static/profile_pics/d2f0ed9d90091fc9.jpg
2024-09-10 11:18:26,869 - app.utils - INFO - Foto de perfil guardada en: /home/ec2-user/aws_edfcatalogoqr/app/static/profile_pics/857c9b5a197e8a89.jpg
2024-09-10 11:22:31,985 - app.utils - INFO - Foto de perfil guardada en: /home/ec2-user/aws_edfcatalogoqr/app/static/profile_pics/4d25d77ecaf62ea1.jpg
2024-09-10 12:31:12,582 - app.utils - INFO - Imagen del contenedor guardada en: /home/ec2-user/aws_edfcatalogoqr/app/static/container_pics/9cecb46f5524c2fe.jpeg
2024-09-10 12:32:08,152 - app.utils - INFO - Foto de perfil guardada en: /home/ec2-user/aws_edfcatalogoqr/app/static/profile_pics/dfd2a3a0eb7c6a13.jpeg
2024-09-10 12:34:56,150 - app.utils - INFO - Foto de perfil guardada en: /home/ec2-user/aws_edfcatalogoqr/app/static/profile_pics/87371de9a20d1e8d.jpeg
2024-09-10 13:02:06,451 - app.utils - INFO - Imagen del contenedor guardada en: /home/ec2-user/aws_edfcatalogoqr/app/static/container_pics/eec2a55f9652ab6f.jpeg
2024-09-10 13:30:01,767 - app.utils - INFO - Imagen del contenedor guardada en: /home/ec2-user/aws_edfcatalogoqr/app/static/container_pics/861020f5a6279a3c.jpeg
2024-09-11 10:47:14,224 - app.utils - INFO - Foto de perfil guardada en: /home/ec2-user/aws_edfcatalogoqr/app/static/profile_pics/5e62741f6c132bf7.jpg
2024-09-11 14:41:16,849 - app.utils - INFO - Foto de perfil guardada en: /home/ec2-user/aws_edfcatalogoqr/app/static/profile_pics/5dc9c908f154c439.jpg
2024-09-11 14:42:50,801 - app.utils - INFO - Foto de perfil guardada en: /home/ec2-user/aws_edfcatalogoqr/app/static/profile_pics/490da49e7fadec06.jpg
2024-09-11 20:51:35,443 - app.utils - INFO - Foto de perfil guardada en: /home/ec2-user/aws_edfcatalogoqr/app/static/profile_pics/e6467db9295c0804.png
2024-09-12 17:00:29,044 - app.utils - INFO - Foto de perfil guardada en: /home/ec2-user/aws_edfcatalogoqr/app/static/profile_pics/dc8a083d08019809.jpg
2024-09-12 17:10:13,325 - app.utils - INFO - Imagen del contenedor guardada en: /home/ec2-user/aws_edfcatalogoqr/app/static/container_pics/9e78b87f139b0d24.jpg
2024-09-13 10:20:31,730 - app.utils - INFO - Correo de restablecimiento de contraseña enviado a edfrutos@gmail.com
2024-09-13 11:09:13,958 - app.utils - INFO - Foto de perfil guardada en: /home/ec2-user/aws_edfcatalogoqr/app/static/profile_pics/f0de395c22d4046d.jpeg
2024-09-14 09:44:55,978 - app.utils - INFO - Foto de perfil guardada en: /home/ec2-user/aws_edfcatalogoqr/app/static/profile_pics/6e277f399fa2e198.jpg
2024-09-14 09:46:05,756 - app.utils - INFO - Foto de perfil guardada en: /home/ec2-user/aws_edfcatalogoqr/app/static/profile_pics/255240b86b3c3d97.jpg
2024-09-14 09:53:53,438 - app.utils - INFO - Foto de perfil guardada en: /home/ec2-user/aws_edfcatalogoqr/app/static/profile_pics/73e0d896b8193c2b.jpg
2024-09-14 10:00:03,782 - app.utils - INFO - Foto de perfil guardada en: /home/ec2-user/aws_edfcatalogoqr/app/static/profile_pics/7b2f37f460f6adcf.jpg
2024-09-14 15:29:16,050 - app.utils - INFO - Foto de perfil guardada en: /home/ec2-user/aws_edfcatalogoqr/app/static/profile_pics/ced5eb8f97614288.jpg
2024-09-14 15:32:26,862 - app.utils - INFO - Imagen del contenedor guardada en: /home/ec2-user/aws_edfcatalogoqr/app/static/container_pics/fa3f7ef7933e9e91.jpg
2024-09-14 15:32:26,875 - app.utils - INFO - Imagen del contenedor guardada en: /home/ec2-user/aws_edfcatalogoqr/app/static/container_pics/11c7b6473998008c.jpg
2024-09-14 15:32:26,894 - app.utils - INFO - Imagen del contenedor guardada en: /home/ec2-user/aws_edfcatalogoqr/app/static/container_pics/9900636d3cfadd15.jpg
2024-09-14 15:32:26,912 - app.utils - INFO - Imagen del contenedor guardada en: /home/ec2-user/aws_edfcatalogoqr/app/static/container_pics/ae3a473e75c1542e.jpg
2024-09-14 15:37:47,477 - app.utils - INFO - Imagen del contenedor guardada en: /home/ec2-user/aws_edfcatalogoqr/app/static/container_pics/02cf82fdb659c009.jpg
2024-09-14 17:49:31,955 - app.utils - INFO - Imagen del contenedor guardada en: /home/ec2-user/aws_edfcatalogoqr/app/static/container_pics/9e08be0ac3a5b0c0.jpg
2024-09-14 18:32:27,539 - app.utils - INFO - Imagen del contenedor guardada en: /home/ec2-user/aws_edfcatalogoqr/app/static/container_pics/1c37ab65c24c1cc9.jpg
2024-09-14 18:32:27,557 - app.utils - INFO - Imagen del contenedor guardada en: /home/ec2-user/aws_edfcatalogoqr/app/static/container_pics/da858055672f2144.jpg
2024-09-14 18:32:27,571 - app.utils - INFO - Imagen del contenedor guardada en: /home/ec2-user/aws_edfcatalogoqr/app/static/container_pics/d22987508829935f.jpg
2024-09-14 18:36:19,476 - app.utils - INFO - Imagen del contenedor guardada en: /home/ec2-user/aws_edfcatalogoqr/app/static/container_pics/2fcb7cbd0951c2c0.jpg
2024-09-14 18:37:27,015 - app.utils - INFO - Imagen del contenedor guardada en: /home/ec2-user/aws_edfcatalogoqr/app/static/container_pics/f3a71701fda57c07.jpg
2024-09-15 09:19:35,489 - app.utils - INFO - Foto de perfil guardada en: /home/ec2-user/aws_edfcatalogoqr/app/static/profile_pics/f04e2644614b7ed0.jpg
2024-09-15 09:21:39,408 - app.utils - INFO - Imagen del contenedor guardada en: /home/ec2-user/aws_edfcatalogoqr/app/static/container_pics/3ee88be4c29e5086.jpg
2024-09-15 10:19:03,934 - app.utils - INFO - Imagen del contenedor guardada en: /home/ec2-user/aws_edfcatalogoqr/app/static/container_pics/38087a76e31c74ff.jpg
2024-09-15 10:21:29,257 - app.utils - INFO - Imagen del contenedor guardada en: /home/ec2-user/aws_edfcatalogoqr/app/static/container_pics/f4764b97482bcad5.jpg
2024-09-15 12:32:22,395 - app.utils - INFO - Imagen del contenedor guardada en: /home/ec2-user/aws_edfcatalogoqr/app/static/container_pics/8d6d386392642edd.jpg
